c:\users\terox\source\repos\vjezba3sp\vjezba3sp\debug\vc141.pdb
c:\users\terox\source\repos\vjezba3sp\vjezba3sp\debug\vc141.idb
c:\users\terox\source\repos\vjezba3sp\vjezba3sp\debug\zadatak3sp.obj
c:\users\terox\source\repos\vjezba3sp\debug\vjezba3sp.pdb
c:\users\terox\source\repos\vjezba3sp\vjezba3sp\debug\vjezba3sp.tlog\cl.command.1.tlog
c:\users\terox\source\repos\vjezba3sp\vjezba3sp\debug\vjezba3sp.tlog\cl.read.1.tlog
c:\users\terox\source\repos\vjezba3sp\vjezba3sp\debug\vjezba3sp.tlog\cl.write.1.tlog
c:\users\terox\source\repos\vjezba3sp\vjezba3sp\debug\vjezba3sp.tlog\link-cvtres.read.1.tlog
c:\users\terox\source\repos\vjezba3sp\vjezba3sp\debug\vjezba3sp.tlog\link-cvtres.write.1.tlog
c:\users\terox\source\repos\vjezba3sp\vjezba3sp\debug\vjezba3sp.tlog\link-rc.read.1.tlog
c:\users\terox\source\repos\vjezba3sp\vjezba3sp\debug\vjezba3sp.tlog\link-rc.write.1.tlog
c:\users\terox\source\repos\vjezba3sp\vjezba3sp\debug\vjezba3sp.tlog\link.6508-cvtres.read.1.tlog
c:\users\terox\source\repos\vjezba3sp\vjezba3sp\debug\vjezba3sp.tlog\link.6508-cvtres.write.1.tlog
c:\users\terox\source\repos\vjezba3sp\vjezba3sp\debug\vjezba3sp.tlog\link.6508-rc.read.1.tlog
c:\users\terox\source\repos\vjezba3sp\vjezba3sp\debug\vjezba3sp.tlog\link.6508-rc.write.1.tlog
c:\users\terox\source\repos\vjezba3sp\vjezba3sp\debug\vjezba3sp.tlog\link.6508.read.1.tlog
c:\users\terox\source\repos\vjezba3sp\vjezba3sp\debug\vjezba3sp.tlog\link.6508.write.1.tlog
c:\users\terox\source\repos\vjezba3sp\vjezba3sp\debug\vjezba3sp.tlog\link.command.1.tlog
c:\users\terox\source\repos\vjezba3sp\vjezba3sp\debug\vjezba3sp.tlog\link.read.1.tlog
c:\users\terox\source\repos\vjezba3sp\vjezba3sp\debug\vjezba3sp.tlog\link.write.1.tlog
